SQLCli Release 0.0.68
SQL> loaddriver C:\Users\耿晨雨\Desktop\linkoopdb-jdbc-2.2.3.jar
Driver loaded.
SQL> connect admin/123456
Database connected.
SQL> start CORE_数据类型/E011-06 Implicit casting among the numeric data types.sql
SQL> drop table t_cast  IF  EXISTS;
0 rows affected
SQL> CREATE TABLE t_cast(
   > 	tbit BIT,
   > 	tbigint BIGINT,
   >     tint INTEGER,
   >     tsmallint SMALLINT,
   >     treal REAL,
   >     tdouble DOUBLE,
   >     tfloat FLOAT,
   >     tdecimal DECIMAL(10,2),
   >     tnumeric NUMERIC(10,2),
   >     tcharacter CHARACTER(20),
   >     tvarchar VARCHAR(20),
   >     tdate DATE,
   >     ttimestramp TIMESTAMP,
   >     tbinary BINARY(8000),
   >     tvarbinary VARBINARY(8000)
   > );
0 rows affected
SQL> insert into t_cast (tbigint) values (1.1);
java.sql.SQLException: java.net.ConnectException: Connection refused Caused by [Connection refused]
SQL> insert into t_cast (tint) values (2.2);
java.sql.SQLException: java.net.ConnectException: Connection refused Caused by [Connection refused]
SQL> insert into t_cast (tsmallint) values (3.3);
java.sql.SQLException: java.net.ConnectException: Connection refused Caused by [Connection refused]
SQL> insert into t_cast (treal) values (1);
java.sql.SQLException: java.net.ConnectException: Connection refused Caused by [Connection refused]
SQL> insert into t_cast (tdouble) values (2);
java.sql.SQLException: java.net.ConnectException: Connection refused Caused by [Connection refused]
SQL> insert into t_cast (tfloat) values (3);
java.sql.SQLException: java.net.ConnectException: Connection refused Caused by [Connection refused]
SQL> insert into t_cast (tdecimal) values (4);
java.sql.SQLException: java.net.ConnectException: Connection refused Caused by [Connection refused]
SQL> insert into t_cast (tnumeric) values (5);
java.sql.SQLException: java.net.ConnectException: Connection refused Caused by [Connection refused]
SQL> select * from t_cast order by tbigint,tint,tsmallint,treal,tdouble,tfloat,tdecimal,tnumeric;
java.sql.SQLException: java.net.ConnectException: Connection refused Caused by [Connection refused]
SQL> exit
Disconnected.
