SQLCli Release 0.0.68
SQL> loaddriver C:\Users\耿晨雨\Desktop\linkoopdb-jdbc-2.2.3.jar
Driver loaded.
SQL> connect admin/123456
Database connected.
SQL> start CORE_基本查询/E051-09 Rename columns in the FROM clause.sql
SQL> -- 清空环境
SQL> drop table t_Rename  IF  EXISTS;
0 rows affected
SQL> 
SQL> -- 创建表
SQL> CREATE TABLE IF NOT EXISTS t_Rename (EMPNO INT,
   > ENAME VARCHAR(20),
   > JOB VARCHAR(20),
   > MGR INT,
   > HIREDATE DATE,
   > SAL INT,
   > COMM INT,
   > DEPTNO INT);
0 rows affected
SQL> 
SQL> -- 插入数据
SQL> INSERT INTO t_Rename VALUES (7369,'SMITH','CLERK',7902,TO_DATE('1980-12-17','yyyy-mm-dd'),800,NULL,20);
java.sql.SQLException: java.net.ConnectException: Connection refused Caused by [Connection refused]
SQL> select name from (select ename as name  from t_Rename);
java.sql.SQLException: java.net.ConnectException: Connection refused Caused by [Connection refused]
SQL> exit
Disconnected.
