SQLCli Release 0.0.68
SQL> loaddriver C:\Users\耿晨雨\Desktop\linkoopdb-jdbc-2.2.3.jar
Driver loaded.
SQL> connect admin/123456
Database connected.
SQL> start CORE_基本查询/E061-08 EXISTS predicate.sql
SQL> -- 清空环境
SQL> drop table t_EXISTS  IF  EXISTS;
0 rows affected
SQL> 
SQL> -- 创建表
SQL> CREATE TABLE IF NOT EXISTS t_EXISTS (EMPNO INT,
   > ENAME VARCHAR(20),
   > JOB VARCHAR(20),
   > MGR INT,
   > HIREDATE DATE,
   > SAL INT,
   > COMM INT,
   > DEPTNO INT);
0 rows affected
SQL> select * from t_EXISTS order by empno;
java.sql.SQLException: java.net.ConnectException: Connection refused Caused by [Connection refused]
SQL> exit
Disconnected.
