SQLCli Release 0.0.68
SQL> loaddriver C:\Users\耿晨雨\Desktop\linkoopdb-jdbc-2.2.3.jar
Driver loaded.
SQL> connect admin/123456
Database connected.
SQL> start CORE 系统信息schema/F021-01 COLUMNS view.sql
SQL> drop table t_column IF  EXISTS;
0 rows affected
SQL> create table IF NOT EXISTS t_column(col1 int,col2 varchar(50),col3 date,col4 double);
0 rows affected
SQL> insert into t_column values (1,'zhangsan','2020-01-01',1.2);
1 row affected
SQL> insert into t_column values (2,'lisi','2020-02-01',2.2);
1 row affected
SQL> insert into t_column values (3,'wangwu','2020-03-01',3.2);
1 row affected
SQL> insert into t_column values (4,'zhaoliu','2020-04-01',4.2);
1 row affected
SQL> insert into t_column values (5,'tianqi','2020-05-01',5.2);
1 row affected
SQL> select * from t_column order by col1;
+------+----------+----------+------+
| COL1 | COL2     | COL3     | COL4 |
+------+----------+----------+------+
| 1    | zhangsan | 2020-1-1 | 1.2  |
| 2    | lisi     | 2020-2-1 | 2.2  |
| 3    | wangwu   | 2020-3-1 | 3.2  |
| 4    | zhaoliu  | 2020-4-1 | 4.2  |
| 5    | tianqi   | 2020-5-1 | 5.2  |
+------+----------+----------+------+
5 rows selected.
SQL> exit
Disconnected.
