SQLCli Release 0.0.68
SQL> loaddriver C:\Users\耿晨雨\Desktop\linkoopdb-jdbc-2.2.3.jar
Driver loaded.
SQL> connect admin/123456
Database connected.
SQL> start CORE_基本schema管理/F031-03 GRANT statement.sql
SQL> -- 清空环境
SQL> drop user user cascade;
java.sql.SQLSyntaxErrorException: cannot drop a user that is currently connected in statement [drop user user cascade]
SQL> drop schema test IF  EXISTS cascade;
0 rows affected
SQL> 
SQL> -- 创建用户
SQL> create user user password '123456';
java.sql.SQLSyntaxErrorException: object name already exists: schema USER exists already when initialize the same name schema for user! in statement [create user user password '123456']
SQL> GRANT CREATE_SCHEMA TO USER;
0 rows affected
SQL> connect USER/123456;
Database connected.
SQL> 
SQL> -- 创建库
SQL> create schema test;
0 rows affected
SQL> exit
Disconnected.
