SQLCli Release 0.0.68
SQL> loaddriver C:\Users\耿晨雨\Desktop\linkoopdb-jdbc-2.2.3.jar
Driver loaded.
SQL> connect admin/123456
Database connected.
SQL> start CORE_基本schema管理/F031-04 ALTER TABLE statement.sql
SQL> -- 清空环境
SQL> drop table t_alter_column  IF  EXISTS;
0 rows affected
SQL> 
SQL> -- 创建表
SQL> CREATE TABLE IF NOT EXISTS t_alter_column (
   > EMPNO INT,
   > ENAME VARCHAR(20),
   > JOB VARCHAR(20),
   > MGR INT,
   > HIREDATE DATE,
   > SAL INT,
   > COMM INT,
   > DEPTNO INT);
0 rows affected
SQL> show create table t_alter_column;
+----------------+---------------------------------------------------------------------------------------------------------------------------------------------------------------------+
| TABLE          | CREATE_TABLE                                                                                                                                                        |
+----------------+---------------------------------------------------------------------------------------------------------------------------------------------------------------------+
| T_ALTER_COLUMN | CREATE TABLE IF NOT EXISTS PUBLIC.T_ALTER_COLUMN(EMPNO INTEGER,ENAME VARCHAR(20),JOB VARCHAR(20),MGR INTEGER,HIREDATE DATE,SAL INTEGER,COMM INTEGER,DEPTNO INTEGER) |
+----------------+---------------------------------------------------------------------------------------------------------------------------------------------------------------------+
1 row selected.
SQL> alter table t_alter_column add column c1 int;
0 rows affected
SQL> show create table t_alter_column;
+----------------+--------------------------------------------------------------------------------------------------------------------------------------------------------------------------------+
| TABLE          | CREATE_TABLE                                                                                                                                                                   |
+----------------+--------------------------------------------------------------------------------------------------------------------------------------------------------------------------------+
| T_ALTER_COLUMN | CREATE TABLE IF NOT EXISTS PUBLIC.T_ALTER_COLUMN(EMPNO INTEGER,ENAME VARCHAR(20),JOB VARCHAR(20),MGR INTEGER,HIREDATE DATE,SAL INTEGER,COMM INTEGER,DEPTNO INTEGER,C1 INTEGER) |
+----------------+--------------------------------------------------------------------------------------------------------------------------------------------------------------------------------+
1 row selected.
SQL> exit
Disconnected.
