SQLCli Release 0.0.68
SQL> loaddriver C:\Users\耿晨雨\Desktop\linkoopdb-jdbc-2.2.3.jar
Driver loaded.
SQL> connect admin/123456
Database connected.
SQL> start CORE_基础JOIN/F041-02 INNER keyword.sql
SQL> -- 清空环境
SQL> drop table t_join_left IF  EXISTS;
0 rows affected
SQL> drop table t_join_right IF  EXISTS;
0 rows affected
SQL> 
SQL> -- 创建左表
SQL> create table IF NOT EXISTS t_join_left(col1 int,col2 varchar(50),col3 date,col4 double);
0 rows affected
SQL> 
SQL> -- 插入数据
SQL> insert into t_join_left values (1,'zhangsan','2020-01-01',1.2);
java.sql.SQLException: java.net.ConnectException: Connection refused Caused by [Connection refused]
SQL> insert into t_join_left values (2,'lisi','2020-02-01',2.2);
java.sql.SQLException: java.net.ConnectException: Connection refused Caused by [Connection refused]
SQL> insert into t_join_left values (3,'wangwu','2020-03-01',3.2);
java.sql.SQLException: java.net.ConnectException: Connection refused Caused by [Connection refused]
SQL> insert into t_join_left values (4,'zhaoliu','2020-04-01',4.2);
java.sql.SQLException: java.net.ConnectException: Connection refused Caused by [Connection refused]
SQL> insert into t_join_left values (5,'tianqi','2020-05-01',5.2);
java.sql.SQLException: java.net.ConnectException: Connection refused Caused by [Connection refused]
SQL> 
SQL> -- 创建右表
SQL> create table IF NOT EXISTS t_join_right(col1 int,col2 varchar(50),col3 date,col4 double);
0 rows affected
SQL> 
SQL> -- 插入数据
SQL> insert into t_join_right values (1,'zhangsan','2020-01-01',1.2);
java.sql.SQLException: java.net.ConnectException: Connection refused Caused by [Connection refused]
SQL> insert into t_join_right values (2,'lisi','2020-02-01',2.2);
java.sql.SQLException: java.net.ConnectException: Connection refused Caused by [Connection refused]
SQL> insert into t_join_right values (3,'wangwu','2020-03-01',3.2);
java.sql.SQLException: java.net.ConnectException: Connection refused Caused by [Connection refused]
SQL> insert into t_join_right values (4,'zhaoliu','2020-04-01',4.2);
java.sql.SQLException: java.net.ConnectException: Connection refused Caused by [Connection refused]
SQL> insert into t_join_right values (5,'tianqi','2020-05-01',5.2);
java.sql.SQLException: java.net.ConnectException: Connection refused Caused by [Connection refused]
SQL> 
SQL> -- 左右表inner join
SQL> select a.*,b.* from t_join_left a inner join t_join_right b on a.col1=b.col1 order by col1;
java.sql.SQLException: java.net.ConnectException: Connection refused Caused by [Connection refused]
SQL> exit
Disconnected.
