SQLCli Release 0.0.68
SQL> loaddriver C:\Users\耿晨雨\Desktop\linkoopdb-jdbc-2.2.3.jar
Driver loaded.
SQL> connect admin/123456
Database connected.
SQL> start CORE_数据类型/F051-03 TIMESTAMP data type.sql
SQL> -- 清空环境
SQL> drop table t_timestamp IF  EXISTS;
0 rows affected
SQL> drop table t_timestamp_0 IF  EXISTS;
0 rows affected
SQL> drop table t_timestamp_3 IF  EXISTS;
0 rows affected
SQL> drop table t_timestamp_6 IF  EXISTS;
0 rows affected
SQL> 
SQL> -- 创建包含timestamp 类型的表
SQL> create table IF NOT EXISTS t_timestamp(t timestamp);
0 rows affected
SQL> 
SQL> -- 插入数据
SQL> insert into t_timestamp values ('2019-01-01 10:10:30.123456');
java.sql.SQLException: java.net.ConnectException: Connection refused Caused by [Connection refused]
SQL> 
SQL> -- 查询结果
SQL> select * from t_timestamp;
java.sql.SQLException: java.net.ConnectException: Connection refused Caused by [Connection refused]
SQL> 
SQL> -- 创建包含timestamp 类型的表
SQL> create table IF NOT EXISTS t_timestamp_0(t timestamp(0));
0 rows affected
SQL> 
SQL> -- 插入数据
SQL> insert into t_timestamp_0 values ('2019-01-01 10:10:30.123456');
java.sql.SQLException: java.net.ConnectException: Connection refused Caused by [Connection refused]
SQL> 
SQL> -- 查询结果
SQL> select * from t_timestamp_0;
java.sql.SQLException: java.net.ConnectException: Connection refused Caused by [Connection refused]
SQL> 
SQL> -- 创建包含timestamp 类型的表
SQL> create table IF NOT EXISTS t_timestamp_3(t timestamp(3));
0 rows affected
SQL> 
SQL> -- 插入数据
SQL> insert into t_timestamp_3 values ('2019-01-01 10:10:30.123456');
java.sql.SQLException: java.net.ConnectException: Connection refused Caused by [Connection refused]
SQL> 
SQL> -- 查询结果
SQL> select * from t_timestamp_3;
java.sql.SQLException: java.net.ConnectException: Connection refused Caused by [Connection refused]
SQL> 
SQL> -- 创建包含timestamp 类型的表
SQL> create table IF NOT EXISTS t_timestamp_6(t timestamp(6));
0 rows affected
SQL> 
SQL> -- 插入数据
SQL> insert into t_timestamp_6 values ('2019-01-01 10:10:30.123456');
java.sql.SQLException: java.net.ConnectException: Connection refused Caused by [Connection refused]
SQL> 
SQL> -- 查询结果
SQL> select * from t_timestamp_6;
java.sql.SQLException: java.net.ConnectException: Connection refused Caused by [Connection refused]
SQL> 
SQL> -- 使用DATE_FORMAT函数按指定格式输出
SQL> SELECT DATE_FORMAT(timestamp '2017-12-31 20:22:13', 'yyyy-MM-dd') FROM t_timestamp;
java.sql.SQLException: java.net.ConnectException: Connection refused Caused by [Connection refused]
SQL> exit
Disconnected.
