SQLCli Release 0.0.68
SQL> loaddriver C:\Users\耿晨雨\Desktop\linkoopdb-jdbc-2.2.3.jar
Driver loaded.
SQL> connect admin/123456
Database connected.
SQL> start CORE_数据类型/F051-07-08 LOCALTIME_LOCALTIMESTAMP.sql
SQL> call LOCALTIME
+----------+
| @p0      |
+----------+
| 17:29:06 |
+----------+
1 row selected.
SQL> call LOCALTIMESTAMP
+----------------------------+
| @p0                        |
+----------------------------+
| 2020-06-19 17:29:06.583000 |
+----------------------------+
1 row selected.
SQL> exit
Disconnected.
