SQLCli Release 0.0.68
SQL> loaddriver C:\Users\耿晨雨\Desktop\linkoopdb-jdbc-2.2.3.jar
Driver loaded.
SQL> connect admin/123456
Database connected.
SQL> start CORE_基本查询/LDBX107-03 Query with both system tables and user tables.sql
SQL> -- 清空环境
SQL> drop table t_system_user  IF  EXISTS;
0 rows affected
SQL> 
SQL> -- 创建表
SQL> CREATE TABLE IF NOT EXISTS t_system_user (
   > TABNO INT,
   > TABNAME VARCHAR(20)
   > );
0 rows affected
SQL> 
SQL> 
SQL> -- 插入数据
SQL> INSERT INTO t_system_user VALUES (7369,'T_SYSTEM_USER');
java.sql.SQLException: java.net.ConnectException: Connection refused Caused by [Connection refused]
SQL> INSERT INTO t_system_user VALUES (7499,'T_SYSTEM_USER1');
java.sql.SQLException: java.net.ConnectException: Connection refused Caused by [Connection refused]
SQL> INSERT INTO t_system_user VALUES (7521,'WARD');
java.sql.SQLException: java.net.ConnectException: Connection refused Caused by [Connection refused]
SQL> select * from INFORMATION_SCHEMA.system_tables WHERE TABLE_NAME = (select TABNAME from t_system_user where TABNAME='T_SYSTEM_USER');
java.sql.SQLException: java.net.ConnectException: Connection refused Caused by [Connection refused]
SQL> exit
Disconnected.
